<?xml version="1.0" encoding="UTF-8"?>
<!-- Generated by org.testng.reporters.JUnitReportReporter -->
<testsuite hostname="Rafa" failures="0" tests="60" name="pagesTest.HomePageTest" time="8.195" errors="0" timestamp="2023-12-01T02:09:23 EST" skipped="59">
  <testcase classname="pagesTest.HomePageTest" name="clickLoginButtonTest" time="8.195"/>
  <testcase classname="pagesTest.HomePageTest" name="clickWrongNewUserIdTest">
    <skipped/>
  </testcase> <!-- clickWrongNewUserIdTest -->
  <testcase classname="pagesTest.HomePageTest" name="role6_use_of_cssSelector_as_locator_in_login_button">
    <skipped/>
  </testcase> <!-- role6_use_of_cssSelector_as_locator_in_login_button -->
  <testcase classname="pagesTest.HomePageTest" name="role4_use_of_cssSelector_as_locator_in_login_button">
    <skipped/>
  </testcase> <!-- role4_use_of_cssSelector_as_locator_in_login_button -->
  <testcase classname="pagesTest.HomePageTest" name="use_of_isDisplayed_in_logo_image">
    <skipped/>
  </testcase> <!-- use_of_isDisplayed_in_logo_image -->
  <testcase classname="pagesTest.HomePageTest" name="inputTextInUserIdAndPasswordFieldThenClickLoginButtonTest">
    <skipped/>
  </testcase> <!-- inputTextInUserIdAndPasswordFieldThenClickLoginButtonTest -->
  <testcase classname="pagesTest.HomePageTest" name="clickUserIdTest">
    <skipped/>
  </testcase> <!-- clickUserIdTest -->
  <testcase classname="pagesTest.HomePageTest" name="use_of_sendKeys_method_then_click_by_enter_key_of_the_laptop">
    <skipped/>
  </testcase> <!-- use_of_sendKeys_method_then_click_by_enter_key_of_the_laptop -->
  <testcase classname="pagesTest.HomePageTest" name="use_of_sendKeys_method_then_click_by_return_key_of_the_laptop">
    <skipped/>
  </testcase> <!-- use_of_sendKeys_method_then_click_by_return_key_of_the_laptop -->
  <testcase classname="pagesTest.HomePageTest" name="clickLogoTest">
    <skipped/>
  </testcase> <!-- clickLogoTest -->
  <testcase classname="pagesTest.HomePageTest" name="nullPointerExceptionTest">
    <skipped/>
  </testcase> <!-- nullPointerExceptionTest -->
  <testcase classname="pagesTest.HomePageTest" name="logoDisplayedTest03">
    <skipped/>
  </testcase> <!-- logoDisplayedTest03 -->
  <testcase classname="pagesTest.HomePageTest" name="role1_use_of_cssSelector_as_locator_in_new_user_registration_button">
    <skipped/>
  </testcase> <!-- role1_use_of_cssSelector_as_locator_in_new_user_registration_button -->
  <testcase classname="pagesTest.HomePageTest" name="use_of_xpath_as_locator_in_new_user_registration_button">
    <skipped/>
  </testcase> <!-- use_of_xpath_as_locator_in_new_user_registration_button -->
  <testcase classname="pagesTest.HomePageTest" name="homepageLoginButtonTest07">
    <skipped/>
  </testcase> <!-- homepageLoginButtonTest07 -->
  <testcase classname="pagesTest.HomePageTest" name="use_of_isSelected_in_check_box">
    <skipped/>
  </testcase> <!-- use_of_isSelected_in_check_box -->
  <testcase classname="pagesTest.HomePageTest" name="clickPasswordTest">
    <skipped/>
  </testcase> <!-- clickPasswordTest -->
  <testcase classname="pagesTest.HomePageTest" name="use_of_isSelected_in_radio_button">
    <skipped/>
  </testcase> <!-- use_of_isSelected_in_radio_button -->
  <testcase classname="pagesTest.HomePageTest" name="alternate_of_click_method_in_loginButtonTest04">
    <skipped/>
  </testcase> <!-- alternate_of_click_method_in_loginButtonTest04 -->
  <testcase classname="pagesTest.HomePageTest" name="set_a_specific_size_for_window">
    <skipped/>
  </testcase> <!-- set_a_specific_size_for_window -->
  <testcase classname="pagesTest.HomePageTest" name="role5_use_of_cssSelector_as_locator_in_login_button">
    <skipped/>
  </testcase> <!-- role5_use_of_cssSelector_as_locator_in_login_button -->
  <testcase classname="pagesTest.HomePageTest" name="use_of_mouse_hoverAction_on_ourLocations">
    <skipped/>
  </testcase> <!-- use_of_mouse_hoverAction_on_ourLocations -->
  <testcase classname="pagesTest.HomePageTest" name="use_of_getTitle_method_in_home_page">
    <skipped/>
  </testcase> <!-- use_of_getTitle_method_in_home_page -->
  <testcase classname="pagesTest.HomePageTest" name="use_of_getTitle_method01">
    <skipped/>
  </testcase> <!-- use_of_getTitle_method01 -->
  <testcase classname="pagesTest.HomePageTest" name="inputTextInUserIdFieldTest">
    <skipped/>
  </testcase> <!-- inputTextInUserIdFieldTest -->
  <testcase classname="pagesTest.HomePageTest" name="use_of_partialLinkText_as_locator_in_forgot_password_hyperlink">
    <skipped/>
  </testcase> <!-- use_of_partialLinkText_as_locator_in_forgot_password_hyperlink -->
  <testcase classname="pagesTest.HomePageTest" name="use_of_getTitle_method_with_assertion03">
    <skipped/>
  </testcase> <!-- use_of_getTitle_method_with_assertion03 -->
  <testcase classname="pagesTest.HomePageTest" name="logoDisplayedTest02">
    <skipped/>
  </testcase> <!-- logoDisplayedTest02 -->
  <testcase classname="pagesTest.HomePageTest" name="alternate_of_click_method_in_loginButtonTest01">
    <skipped/>
  </testcase> <!-- alternate_of_click_method_in_loginButtonTest01 -->
  <testcase classname="pagesTest.HomePageTest" name="use_of_sendKeys_method_then_clear">
    <skipped/>
  </testcase> <!-- use_of_sendKeys_method_then_clear -->
  <testcase classname="pagesTest.HomePageTest" name="homepageLoginButtonTest08">
    <skipped/>
  </testcase> <!-- homepageLoginButtonTest08 -->
  <testcase classname="pagesTest.HomePageTest" name="use_of_sendKeys_method_then_click01">
    <skipped/>
  </testcase> <!-- use_of_sendKeys_method_then_click01 -->
  <testcase classname="pagesTest.HomePageTest" name="homepageLoginButtonTest09">
    <skipped/>
  </testcase> <!-- homepageLoginButtonTest09 -->
  <testcase classname="pagesTest.HomePageTest" name="use_of_getTitle_method_with_assertion02">
    <skipped/>
  </testcase> <!-- use_of_getTitle_method_with_assertion02 -->
  <testcase classname="pagesTest.HomePageTest" name="clickNewUserRegistrationTest">
    <skipped/>
  </testcase> <!-- clickNewUserRegistrationTest -->
  <testcase classname="pagesTest.HomePageTest" name="logoDisplayedTest01">
    <skipped/>
  </testcase> <!-- logoDisplayedTest01 -->
  <testcase classname="pagesTest.HomePageTest" name="use_of_sendKeys_method_then_click">
    <skipped/>
  </testcase> <!-- use_of_sendKeys_method_then_click -->
  <testcase classname="pagesTest.HomePageTest" name="use_of_sendKeys_method_by_javascriptExecutor_then_click">
    <skipped/>
  </testcase> <!-- use_of_sendKeys_method_by_javascriptExecutor_then_click -->
  <testcase classname="pagesTest.HomePageTest" name="use_of_sendKeys_method_then_click02">
    <skipped/>
  </testcase> <!-- use_of_sendKeys_method_then_click02 -->
  <testcase classname="pagesTest.HomePageTest" name="use_of_getAttribute_method">
    <skipped/>
  </testcase> <!-- use_of_getAttribute_method -->
  <testcase classname="pagesTest.HomePageTest" name="alternate_of_click_method_in_loginButtonTest02">
    <skipped/>
  </testcase> <!-- alternate_of_click_method_in_loginButtonTest02 -->
  <testcase classname="pagesTest.HomePageTest" name="clickForgotUserIdTest">
    <skipped/>
  </testcase> <!-- clickForgotUserIdTest -->
  <testcase classname="pagesTest.HomePageTest" name="use_of_isEnabled_in_login_button02">
    <skipped/>
  </testcase> <!-- use_of_isEnabled_in_login_button02 -->
  <testcase classname="pagesTest.HomePageTest" name="use_of_click_method_in_loginButtonTest">
    <skipped/>
  </testcase> <!-- use_of_click_method_in_loginButtonTest -->
  <testcase classname="pagesTest.HomePageTest" name="alternate_of_click_method_using_userName_and_passWordField">
    <skipped/>
  </testcase> <!-- alternate_of_click_method_using_userName_and_passWordField -->
  <testcase classname="pagesTest.HomePageTest" name="use_of_isEnabled_in_login_button">
    <skipped/>
  </testcase> <!-- use_of_isEnabled_in_login_button -->
  <testcase classname="pagesTest.HomePageTest" name="use_of_getTitle_method_with_assertion01">
    <skipped/>
  </testcase> <!-- use_of_getTitle_method_with_assertion01 -->
  <testcase classname="pagesTest.HomePageTest" name="use_of_tagName_as_locator">
    <skipped/>
  </testcase> <!-- use_of_tagName_as_locator -->
  <testcase classname="pagesTest.HomePageTest" name="why_we_use_cssSelector_as_locator_in_logo">
    <skipped/>
  </testcase> <!-- why_we_use_cssSelector_as_locator_in_logo -->
  <testcase classname="pagesTest.HomePageTest" name="role3_use_of_cssSelector_as_locator_in_logo">
    <skipped/>
  </testcase> <!-- role3_use_of_cssSelector_as_locator_in_logo -->
  <testcase classname="pagesTest.HomePageTest" name="use_of_getText_method_in_login_button">
    <skipped/>
  </testcase> <!-- use_of_getText_method_in_login_button -->
  <testcase classname="pagesTest.HomePageTest" name="use_of_getCurrentURL_method">
    <skipped/>
  </testcase> <!-- use_of_getCurrentURL_method -->
  <testcase classname="pagesTest.HomePageTest" name="use_of_linkText_as_locator_in_forgot_user_id_hyperlink">
    <skipped/>
  </testcase> <!-- use_of_linkText_as_locator_in_forgot_user_id_hyperlink -->
  <testcase classname="pagesTest.HomePageTest" name="use_of_navigate_method">
    <skipped/>
  </testcase> <!-- use_of_navigate_method -->
  <testcase classname="pagesTest.HomePageTest" name="logoDisplayedTest04">
    <skipped/>
  </testcase> <!-- logoDisplayedTest04 -->
  <testcase classname="pagesTest.HomePageTest" name="clickUnlockTest">
    <skipped/>
  </testcase> <!-- clickUnlockTest -->
  <testcase classname="pagesTest.HomePageTest" name="use_of_set_script_timeout_for_window">
    <skipped/>
  </testcase> <!-- use_of_set_script_timeout_for_window -->
  <testcase classname="pagesTest.HomePageTest" name="homepageLoginButtonTest06">
    <skipped/>
  </testcase> <!-- homepageLoginButtonTest06 -->
  <testcase classname="pagesTest.HomePageTest" name="alternate_of_click_method_in_loginButtonTest03">
    <skipped/>
  </testcase> <!-- alternate_of_click_method_in_loginButtonTest03 -->
  <testcase classname="pagesTest.HomePageTest" name="role2_use_of_cssSelector_as_locator_in_login_button">
    <skipped/>
  </testcase> <!-- role2_use_of_cssSelector_as_locator_in_login_button -->
</testsuite> <!-- pagesTest.HomePageTest -->
